ERROR :2023/05/24 11:07:59 Controller.go:162: Invalid Password
ERROR :2023/05/24 11:08:32 Controller.go:95: No User Found. Please Check Email OR Password
ERROR :2023/05/24 11:10:52 Controller.go:245: Please Login First
ERROR :2023/05/25 10:13:47 Controller.go:672: Please Login First
ERROR :2023/05/25 10:13:54 Controller.go:672: Please Login First
ERROR :2023/05/25 10:14:10 Controller.go:672: Please Login First
ERROR :2023/05/25 12:30:03 Controller.go:213: Please Login First
ERROR :2023/05/25 12:30:19 Controller.go:213: Please Login First
ERROR :2023/05/25 12:36:47 Controller.go:189: pq: duplicate key value violates unique constraint "company_details_cname_key"
ERROR :2023/05/25 14:06:04 Controller.go:206: pq: invalid input syntax for type integer: "Here No Need Of Company ID"
ERROR :2023/05/25 14:08:35 Controller.go:206: pq: insert or update on table "audit_log" violates foreign key constraint "fk_companydetails_cid"
ERROR :2023/05/25 14:14:40 Controller.go:366: User Already Registered With this user_namepq: duplicate key value violates unique constraint "users_user_name_key"
ERROR :2023/05/25 14:14:47 Controller.go:430: pq: value too long for type character varying(50)
ERROR :2023/05/25 14:20:00 Controller.go:1699: No Reports Found 
ERROR :2023/05/25 14:21:00 Controller.go:1699: No Reports Found 
ERROR :2023/05/25 14:22:00 Controller.go:1699: No Reports Found 
ERROR :2023/05/25 14:23:00 Controller.go:1699: No Reports Found 
ERROR :2023/05/25 14:23:56 Controller.go:366: User Already Registered With this user_namepq: insert or update on table "users" violates foreign key constraint "fk_companydetails_cid"
ERROR :2023/05/25 14:24:00 Controller.go:1699: No Reports Found 
ERROR :2023/05/25 14:25:00 Controller.go:1699: No Reports Found 
ERROR :2023/05/25 14:25:01 Controller.go:94: No User Found. Please Check Email OR Password
ERROR :2023/05/25 14:26:00 Controller.go:1699: No Reports Found 
ERROR :2023/05/25 14:27:00 Controller.go:1699: No Reports Found 
ERROR :2023/05/25 14:27:31 Controller.go:206: pq: insert or update on table "audit_log" violates foreign key constraint "audit_log_cid_fkey"
ERROR :2023/05/25 14:28:00 Controller.go:1699: No Reports Found 
ERROR :2023/05/25 14:29:00 Controller.go:1699: No Reports Found 
ERROR :2023/05/25 14:30:00 Controller.go:1699: No Reports Found 
ERROR :2023/05/25 14:31:00 Controller.go:1699: No Reports Found 
ERROR :2023/05/25 14:32:00 Controller.go:1699: No Reports Found 
ERROR :2023/05/25 14:33:00 Controller.go:1699: No Reports Found 
ERROR :2023/05/25 14:34:00 Controller.go:1699: No Reports Found 
ERROR :2023/05/25 14:35:00 Controller.go:1699: No Reports Found 
ERROR :2023/05/25 14:35:06 Controller.go:159: Invalid Password
ERROR :2023/05/25 14:36:00 Controller.go:1699: No Reports Found 
ERROR :2023/05/25 14:37:00 Controller.go:1699: No Reports Found 
ERROR :2023/05/25 14:38:00 Controller.go:1699: No Reports Found 
ERROR :2023/05/25 14:39:00 Controller.go:1699: No Reports Found 
ERROR :2023/05/25 14:40:00 Controller.go:1699: No Reports Found 
ERROR :2023/05/25 14:41:00 Controller.go:1699: No Reports Found 
ERROR :2023/05/25 14:42:00 Controller.go:1699: No Reports Found 
ERROR :2023/05/25 14:42:17 Controller.go:206: pq: insert or update on table "audit_log" violates foreign key constraint "audit_log_cid_fkey"
ERROR :2023/05/25 14:43:00 Controller.go:1699: No Reports Found 
ERROR :2023/05/25 14:44:00 Controller.go:1699: No Reports Found 
ERROR :2023/05/25 14:45:00 Controller.go:1699: No Reports Found 
ERROR :2023/05/25 14:46:00 Controller.go:1699: No Reports Found 
ERROR :2023/05/25 14:47:00 Controller.go:1699: No Reports Found 
ERROR :2023/05/25 14:48:00 Controller.go:1699: No Reports Found 
ERROR :2023/05/25 14:49:00 Controller.go:1699: No Reports Found 
ERROR :2023/05/25 14:50:00 Controller.go:1699: No Reports Found 
ERROR :2023/05/25 14:51:00 Controller.go:1699: No Reports Found 
ERROR :2023/05/25 14:52:00 Controller.go:1699: No Reports Found 
ERROR :2023/05/25 14:53:00 Controller.go:1699: No Reports Found 
ERROR :2023/05/25 14:54:00 Controller.go:1699: No Reports Found 
ERROR :2023/05/25 14:55:00 Controller.go:1699: No Reports Found 
ERROR :2023/05/25 14:56:00 Controller.go:1699: No Reports Found 
ERROR :2023/05/25 14:57:00 Controller.go:1699: No Reports Found 
ERROR :2023/05/25 14:58:00 Controller.go:1699: No Reports Found 
ERROR :2023/05/25 14:59:00 Controller.go:1699: No Reports Found 
ERROR :2023/05/25 14:59:13 Controller.go:900: No Records Found
ERROR :2023/05/25 14:59:33 Controller.go:981: No Records Found
ERROR :2023/05/25 15:00:00 Controller.go:1699: No Reports Found 
ERROR :2023/05/25 15:42:03 Controller.go:1421: OTP Expired
